2024-05-14 11:07:39,279 INFO o.h.j.i.u.LogHelper [main] HHH000204: Processing PersistenceUnitInfo [name: MySQL]
2024-05-14 11:07:39,307 INFO o.h.Version [main] HHH000412: Hibernate ORM core version 6.4.4.Final
2024-05-14 11:07:39,322 INFO o.h.c.i.RegionFactoryInitiator [main] HHH000026: Second-level cache disabled
2024-05-14 11:07:39,412 WARN o.h.o.c.pooling [main] HHH10001002: Using built-in connection pool (not intended for production use)
2024-05-14 11:07:39,415 INFO o.h.o.c.pooling [main] HHH10001005: Loaded JDBC driver class: com.mysql.cj.jdbc.Driver
2024-05-14 11:07:39,415 INFO o.h.o.c.pooling [main] HHH10001012: Connecting with JDBC URL [jdbc:mysql://localhost:3306/DB]
2024-05-14 11:07:39,415 INFO o.h.o.c.pooling [main] HHH10001001: Connection properties: {password=****, user=root}
2024-05-14 11:07:39,415 INFO o.h.o.c.pooling [main] HHH10001003: Autocommit mode: false
2024-05-14 11:07:39,416 INFO o.h.o.c.pooling [main] HHH10001115: Connection pool size: 20 (min=1)
2024-05-14 11:07:39,458 WARN o.h.e.j.e.i.JdbcEnvironmentInitiator [main] HHH000342: Could not obtain connection to query metadata
java.lang.IllegalStateException: Cannot get a connection as the driver manager is not properly initialized
	at org.hibernate.engine.jdbc.connections.internal.DriverManagerConnectionProviderImpl.getConnection(DriverManagerConnectionProviderImpl.java:259) ~[hibernate-core-6.4.4.Final.jar:6.4.4.Final]
	at org.hibernate.engine.jdbc.env.internal.JdbcEnvironmentInitiator$ConnectionProviderJdbcConnectionAccess.obtainConnection(JdbcEnvironmentInitiator.java:428) ~[hibernate-core-6.4.4.Final.jar:6.4.4.Final]
	at org.hibernate.resource.transaction.backend.jdbc.internal.JdbcIsolationDelegate.delegateWork(JdbcIsolationDelegate.java:61) ~[hibernate-core-6.4.4.Final.jar:6.4.4.Final]
	at org.hibernate.engine.jdbc.env.internal.JdbcEnvironmentInitiator.getJdbcEnvironmentUsingJdbcMetadata(JdbcEnvironmentInitiator.java:276) [hibernate-core-6.4.4.Final.jar:6.4.4.Final]
	at org.hibernate.engine.jdbc.env.internal.JdbcEnvironmentInitiator.initiateService(JdbcEnvironmentInitiator.java:107) [hibernate-core-6.4.4.Final.jar:6.4.4.Final]
	at org.hibernate.engine.jdbc.env.internal.JdbcEnvironmentInitiator.initiateService(JdbcEnvironmentInitiator.java:68) [hibernate-core-6.4.4.Final.jar:6.4.4.Final]
	at org.hibernate.boot.registry.internal.StandardServiceRegistryImpl.initiateService(StandardServiceRegistryImpl.java:130) [hibernate-core-6.4.4.Final.jar:6.4.4.Final]
	at org.hibernate.service.internal.AbstractServiceRegistryImpl.createService(AbstractServiceRegistryImpl.java:263) [hibernate-core-6.4.4.Final.jar:6.4.4.Final]
	at org.hibernate.service.internal.AbstractServiceRegistryImpl.initializeService(AbstractServiceRegistryImpl.java:238) [hibernate-core-6.4.4.Final.jar:6.4.4.Final]
	at org.hibernate.service.internal.AbstractServiceRegistryImpl.getService(AbstractServiceRegistryImpl.java:215) [hibernate-core-6.4.4.Final.jar:6.4.4.Final]
	at org.hibernate.engine.jdbc.internal.JdbcServicesImpl.configure(JdbcServicesImpl.java:52) [hibernate-core-6.4.4.Final.jar:6.4.4.Final]
	at org.hibernate.boot.registry.internal.StandardServiceRegistryImpl.configureService(StandardServiceRegistryImpl.java:136) [hibernate-core-6.4.4.Final.jar:6.4.4.Final]
	at org.hibernate.service.internal.AbstractServiceRegistryImpl.initializeService(AbstractServiceRegistryImpl.java:247) [hibernate-core-6.4.4.Final.jar:6.4.4.Final]
	at org.hibernate.service.internal.AbstractServiceRegistryImpl.getService(AbstractServiceRegistryImpl.java:215) [hibernate-core-6.4.4.Final.jar:6.4.4.Final]
	at org.hibernate.engine.jdbc.connections.internal.BasicConnectionCreator.convertSqlException(BasicConnectionCreator.java:132) [hibernate-core-6.4.4.Final.jar:6.4.4.Final]
	at org.hibernate.engine.jdbc.connections.internal.DriverConnectionCreator.makeConnection(DriverConnectionCreator.java:43) [hibernate-core-6.4.4.Final.jar:6.4.4.Final]
	at org.hibernate.engine.jdbc.connections.internal.BasicConnectionCreator.createConnection(BasicConnectionCreator.java:61) [hibernate-core-6.4.4.Final.jar:6.4.4.Final]
	at org.hibernate.engine.jdbc.connections.internal.DriverManagerConnectionProviderImpl$PooledConnections.addConnections(DriverManagerConnectionProviderImpl.java:499) [hibernate-core-6.4.4.Final.jar:6.4.4.Final]
	at org.hibernate.engine.jdbc.connections.internal.DriverManagerConnectionProviderImpl$PooledConnections.<init>(DriverManagerConnectionProviderImpl.java:372) [hibernate-core-6.4.4.Final.jar:6.4.4.Final]
	at org.hibernate.engine.jdbc.connections.internal.DriverManagerConnectionProviderImpl$PooledConnections$Builder.build(DriverManagerConnectionProviderImpl.java:550) [hibernate-core-6.4.4.Final.jar:6.4.4.Final]
	at org.hibernate.engine.jdbc.connections.internal.DriverManagerConnectionProviderImpl.buildPool(DriverManagerConnectionProviderImpl.java:102) [hibernate-core-6.4.4.Final.jar:6.4.4.Final]
	at org.hibernate.engine.jdbc.connections.internal.DriverManagerConnectionProviderImpl.configure(DriverManagerConnectionProviderImpl.java:82) [hibernate-core-6.4.4.Final.jar:6.4.4.Final]
	at org.hibernate.boot.registry.internal.StandardServiceRegistryImpl.configureService(StandardServiceRegistryImpl.java:136) [hibernate-core-6.4.4.Final.jar:6.4.4.Final]
	at org.hibernate.service.internal.AbstractServiceRegistryImpl.initializeService(AbstractServiceRegistryImpl.java:247) [hibernate-core-6.4.4.Final.jar:6.4.4.Final]
	at org.hibernate.service.internal.AbstractServiceRegistryImpl.getService(AbstractServiceRegistryImpl.java:215) [hibernate-core-6.4.4.Final.jar:6.4.4.Final]
	at org.hibernate.engine.jdbc.env.internal.JdbcEnvironmentInitiator.buildJdbcConnectionAccess(JdbcEnvironmentInitiator.java:395) [hibernate-core-6.4.4.Final.jar:6.4.4.Final]
	at org.hibernate.engine.jdbc.env.internal.JdbcEnvironmentInitiator.getJdbcEnvironmentUsingJdbcMetadata(JdbcEnvironmentInitiator.java:262) [hibernate-core-6.4.4.Final.jar:6.4.4.Final]
	at org.hibernate.engine.jdbc.env.internal.JdbcEnvironmentInitiator.initiateService(JdbcEnvironmentInitiator.java:107) [hibernate-core-6.4.4.Final.jar:6.4.4.Final]
	at org.hibernate.engine.jdbc.env.internal.JdbcEnvironmentInitiator.initiateService(JdbcEnvironmentInitiator.java:68) [hibernate-core-6.4.4.Final.jar:6.4.4.Final]
	at org.hibernate.boot.registry.internal.StandardServiceRegistryImpl.initiateService(StandardServiceRegistryImpl.java:130) [hibernate-core-6.4.4.Final.jar:6.4.4.Final]
	at org.hibernate.service.internal.AbstractServiceRegistryImpl.createService(AbstractServiceRegistryImpl.java:263) [hibernate-core-6.4.4.Final.jar:6.4.4.Final]
	at org.hibernate.service.internal.AbstractServiceRegistryImpl.initializeService(AbstractServiceRegistryImpl.java:238) [hibernate-core-6.4.4.Final.jar:6.4.4.Final]
	at org.hibernate.service.internal.AbstractServiceRegistryImpl.getService(AbstractServiceRegistryImpl.java:215) [hibernate-core-6.4.4.Final.jar:6.4.4.Final]
	at org.hibernate.boot.model.relational.Database.<init>(Database.java:45) [hibernate-core-6.4.4.Final.jar:6.4.4.Final]
	at org.hibernate.boot.internal.InFlightMetadataCollectorImpl.getDatabase(InFlightMetadataCollectorImpl.java:223) [hibernate-core-6.4.4.Final.jar:6.4.4.Final]
	at org.hibernate.boot.internal.InFlightMetadataCollectorImpl.<init>(InFlightMetadataCollectorImpl.java:191) [hibernate-core-6.4.4.Final.jar:6.4.4.Final]
	at org.hibernate.boot.model.process.spi.MetadataBuildingProcess.complete(MetadataBuildingProcess.java:170) [hibernate-core-6.4.4.Final.jar:6.4.4.Final]
	at org.hibernate.jpa.boot.internal.EntityManagerFactoryBuilderImpl.metadata(EntityManagerFactoryBuilderImpl.java:1432) [hibernate-core-6.4.4.Final.jar:6.4.4.Final]
	at org.hibernate.jpa.boot.internal.EntityManagerFactoryBuilderImpl.build(EntityManagerFactoryBuilderImpl.java:1503) [hibernate-core-6.4.4.Final.jar:6.4.4.Final]
	at org.hibernate.jpa.HibernatePersistenceProvider.createEntityManagerFactory(HibernatePersistenceProvider.java:55) [hibernate-core-6.4.4.Final.jar:6.4.4.Final]
	at jakarta.persistence.Persistence.createEntityManagerFactory(Persistence.java:80) [jakarta.persistence-api-3.1.0.jar:3.1.0]
	at jakarta.persistence.Persistence.createEntityManagerFactory(Persistence.java:55) [jakarta.persistence-api-3.1.0.jar:3.1.0]
	at nl.YEA.Singleton.<init>(Singleton.java:17) [classes/:?]
	at nl.YEA.Singleton.getInstance(Singleton.java:28) [classes/:?]
	at nl.YEA.view.InvulScherm.<init>(InvulScherm.java:7) [classes/:?]
	at nl.YEA.view.InOutputUtil.getInstance(InOutputUtil.java:34) [classes/:?]
	at nl.YEA.Main.main(Main.java:7) [classes/:?]
2024-05-14 11:10:40,423 INFO o.h.j.i.u.LogHelper [main] HHH000204: Processing PersistenceUnitInfo [name: MySQL]
2024-05-14 11:10:40,447 INFO o.h.Version [main] HHH000412: Hibernate ORM core version 6.4.4.Final
2024-05-14 11:10:40,461 INFO o.h.c.i.RegionFactoryInitiator [main] HHH000026: Second-level cache disabled
2024-05-14 11:10:40,547 WARN o.h.o.c.pooling [main] HHH10001002: Using built-in connection pool (not intended for production use)
2024-05-14 11:10:40,549 INFO o.h.o.c.pooling [main] HHH10001005: Loaded JDBC driver class: com.mysql.cj.jdbc.Driver
2024-05-14 11:10:40,549 INFO o.h.o.c.pooling [main] HHH10001012: Connecting with JDBC URL [jdbc:mysql://localhost:3306/DB]
2024-05-14 11:10:40,550 INFO o.h.o.c.pooling [main] HHH10001001: Connection properties: {password=****, user=root}
2024-05-14 11:10:40,550 INFO o.h.o.c.pooling [main] HHH10001003: Autocommit mode: false
2024-05-14 11:10:40,550 INFO o.h.o.c.pooling [main] HHH10001115: Connection pool size: 20 (min=1)
2024-05-14 11:10:40,958 WARN o.h.m.RootClass [main] HHH000038: Composite-id class does not override equals(): nl.YEA.model.AntwoordPK
2024-05-14 11:10:40,958 WARN o.h.m.RootClass [main] HHH000039: Composite-id class does not override hashCode(): nl.YEA.model.AntwoordPK
2024-05-14 11:10:41,232 INFO o.h.e.t.j.p.i.JtaPlatformInitiator [main] HHH000489: No JTA platform available (set 'hibernate.transaction.jta.platform' to enable JTA platform integration)
2024-05-14 11:10:41,241 INFO o.h.o.c.access [main] HHH10001501: Connection obtained from JdbcConnectionAccess [org.hibernate.engine.jdbc.env.internal.JdbcEnvironmentInitiator$ConnectionProviderJdbcConnectionAccess@22c8ee48] for (non-JTA) DDL execution was not in auto-commit mode; the Connection 'local transaction' will be committed and the Connection will be set into auto-commit mode.
2024-05-14 11:10:41,260 DEBUG o.h.SQL [main] create table IngevuldeVragenlijst (id integer not null auto_increment, primary key (id)) engine=InnoDB
2024-05-14 11:10:41,280 DEBUG o.h.SQL [main] create table MeerkeuzeAntwoord (vraagID integer not null, lijst_id integer not null, antwoord varchar(255), primary key (lijst_id, vraagID)) engine=InnoDB
2024-05-14 11:10:41,291 DEBUG o.h.SQL [main] create table NumeriekAntwoord (vraagID integer not null, lijst_id integer not null, antwoord integer not null, primary key (lijst_id, vraagID)) engine=InnoDB
2024-05-14 11:10:41,297 DEBUG o.h.SQL [main] create table OpenAntwoord (vraagID integer not null, lijst_id integer not null, antwoord varchar(255), primary key (lijst_id, vraagID)) engine=InnoDB
2024-05-14 11:10:41,304 DEBUG o.h.SQL [main] alter table MeerkeuzeAntwoord add constraint FK_f7ep6yp6jv6usynagmcatlsjw foreign key (lijst_id) references IngevuldeVragenlijst (id)
2024-05-14 11:10:41,323 DEBUG o.h.SQL [main] alter table NumeriekAntwoord add constraint FK_gjdfsulj2r7j45hkdiat7mc05 foreign key (lijst_id) references IngevuldeVragenlijst (id)
2024-05-14 11:10:41,340 DEBUG o.h.SQL [main] alter table OpenAntwoord add constraint FK_3ik29vps67avsvlnyfsuyjqlg foreign key (lijst_id) references IngevuldeVragenlijst (id)
2024-05-14 11:10:49,879 DEBUG o.h.SQL [main] insert into IngevuldeVragenlijst values ( )
2024-05-14 11:11:21,121 DEBUG o.h.SQL [main] insert into IngevuldeVragenlijst values ( )
2024-05-14 11:19:02,075 INFO o.h.j.i.u.LogHelper [main] HHH000204: Processing PersistenceUnitInfo [name: MySQL]
2024-05-14 11:19:02,097 INFO o.h.Version [main] HHH000412: Hibernate ORM core version 6.4.4.Final
2024-05-14 11:19:02,110 INFO o.h.c.i.RegionFactoryInitiator [main] HHH000026: Second-level cache disabled
2024-05-14 11:19:02,192 WARN o.h.o.c.pooling [main] HHH10001002: Using built-in connection pool (not intended for production use)
2024-05-14 11:19:02,194 INFO o.h.o.c.pooling [main] HHH10001005: Loaded JDBC driver class: com.mysql.cj.jdbc.Driver
2024-05-14 11:19:02,194 INFO o.h.o.c.pooling [main] HHH10001012: Connecting with JDBC URL [jdbc:mysql://localhost:3306/DB]
2024-05-14 11:19:02,194 INFO o.h.o.c.pooling [main] HHH10001001: Connection properties: {password=****, user=root}
2024-05-14 11:19:02,194 INFO o.h.o.c.pooling [main] HHH10001003: Autocommit mode: false
2024-05-14 11:19:02,195 INFO o.h.o.c.pooling [main] HHH10001115: Connection pool size: 20 (min=1)
2024-05-14 11:19:02,538 WARN o.h.m.RootClass [main] HHH000038: Composite-id class does not override equals(): nl.YEA.model.AntwoordPK
2024-05-14 11:19:02,538 WARN o.h.m.RootClass [main] HHH000039: Composite-id class does not override hashCode(): nl.YEA.model.AntwoordPK
2024-05-14 11:19:02,811 INFO o.h.e.t.j.p.i.JtaPlatformInitiator [main] HHH000489: No JTA platform available (set 'hibernate.transaction.jta.platform' to enable JTA platform integration)
2024-05-14 11:19:02,820 INFO o.h.o.c.access [main] HHH10001501: Connection obtained from JdbcConnectionAccess [org.hibernate.engine.jdbc.env.internal.JdbcEnvironmentInitiator$ConnectionProviderJdbcConnectionAccess@51f01535] for (non-JTA) DDL execution was not in auto-commit mode; the Connection 'local transaction' will be committed and the Connection will be set into auto-commit mode.
2024-05-14 11:19:09,878 DEBUG o.h.SQL [main] insert into IngevuldeVragenlijst values ( )
2024-05-14 11:30:50,409 INFO o.h.j.i.u.LogHelper [main] HHH000204: Processing PersistenceUnitInfo [name: MySQL]
2024-05-14 11:30:50,428 INFO o.h.Version [main] HHH000412: Hibernate ORM core version 6.4.4.Final
2024-05-14 11:30:50,440 INFO o.h.c.i.RegionFactoryInitiator [main] HHH000026: Second-level cache disabled
2024-05-14 11:30:50,517 WARN o.h.o.c.pooling [main] HHH10001002: Using built-in connection pool (not intended for production use)
2024-05-14 11:30:50,519 INFO o.h.o.c.pooling [main] HHH10001005: Loaded JDBC driver class: com.mysql.cj.jdbc.Driver
2024-05-14 11:30:50,519 INFO o.h.o.c.pooling [main] HHH10001012: Connecting with JDBC URL [jdbc:mysql://localhost:3306/DB]
2024-05-14 11:30:50,519 INFO o.h.o.c.pooling [main] HHH10001001: Connection properties: {password=****, user=root}
2024-05-14 11:30:50,519 INFO o.h.o.c.pooling [main] HHH10001003: Autocommit mode: false
2024-05-14 11:30:50,520 INFO o.h.o.c.pooling [main] HHH10001115: Connection pool size: 20 (min=1)
2024-05-14 11:30:50,868 WARN o.h.m.RootClass [main] HHH000038: Composite-id class does not override equals(): nl.YEA.model.AntwoordPK
2024-05-14 11:30:50,868 WARN o.h.m.RootClass [main] HHH000039: Composite-id class does not override hashCode(): nl.YEA.model.AntwoordPK
2024-05-14 11:30:51,130 INFO o.h.e.t.j.p.i.JtaPlatformInitiator [main] HHH000489: No JTA platform available (set 'hibernate.transaction.jta.platform' to enable JTA platform integration)
2024-05-14 11:30:51,139 INFO o.h.o.c.access [main] HHH10001501: Connection obtained from JdbcConnectionAccess [org.hibernate.engine.jdbc.env.internal.JdbcEnvironmentInitiator$ConnectionProviderJdbcConnectionAccess@51f01535] for (non-JTA) DDL execution was not in auto-commit mode; the Connection 'local transaction' will be committed and the Connection will be set into auto-commit mode.
2024-05-14 11:31:06,902 INFO o.h.j.i.u.LogHelper [main] HHH000204: Processing PersistenceUnitInfo [name: MySQL]
2024-05-14 11:31:06,917 INFO o.h.Version [main] HHH000412: Hibernate ORM core version 6.4.4.Final
2024-05-14 11:31:06,929 INFO o.h.c.i.RegionFactoryInitiator [main] HHH000026: Second-level cache disabled
2024-05-14 11:31:07,002 WARN o.h.o.c.pooling [main] HHH10001002: Using built-in connection pool (not intended for production use)
2024-05-14 11:31:07,004 INFO o.h.o.c.pooling [main] HHH10001005: Loaded JDBC driver class: com.mysql.cj.jdbc.Driver
2024-05-14 11:31:07,004 INFO o.h.o.c.pooling [main] HHH10001012: Connecting with JDBC URL [jdbc:mysql://localhost:3306/DB]
2024-05-14 11:31:07,004 INFO o.h.o.c.pooling [main] HHH10001001: Connection properties: {password=****, user=root}
2024-05-14 11:31:07,005 INFO o.h.o.c.pooling [main] HHH10001003: Autocommit mode: false
2024-05-14 11:31:07,005 INFO o.h.o.c.pooling [main] HHH10001115: Connection pool size: 20 (min=1)
2024-05-14 11:31:07,341 WARN o.h.m.RootClass [main] HHH000038: Composite-id class does not override equals(): nl.YEA.model.AntwoordPK
2024-05-14 11:31:07,341 WARN o.h.m.RootClass [main] HHH000039: Composite-id class does not override hashCode(): nl.YEA.model.AntwoordPK
2024-05-14 11:31:07,592 INFO o.h.e.t.j.p.i.JtaPlatformInitiator [main] HHH000489: No JTA platform available (set 'hibernate.transaction.jta.platform' to enable JTA platform integration)
2024-05-14 11:31:07,603 INFO o.h.o.c.access [main] HHH10001501: Connection obtained from JdbcConnectionAccess [org.hibernate.engine.jdbc.env.internal.JdbcEnvironmentInitiator$ConnectionProviderJdbcConnectionAccess@51f01535] for (non-JTA) DDL execution was not in auto-commit mode; the Connection 'local transaction' will be committed and the Connection will be set into auto-commit mode.
2024-05-14 11:32:29,496 INFO o.h.j.i.u.LogHelper [main] HHH000204: Processing PersistenceUnitInfo [name: MySQL]
2024-05-14 11:32:29,511 INFO o.h.Version [main] HHH000412: Hibernate ORM core version 6.4.4.Final
2024-05-14 11:32:29,523 INFO o.h.c.i.RegionFactoryInitiator [main] HHH000026: Second-level cache disabled
2024-05-14 11:32:29,596 WARN o.h.o.c.pooling [main] HHH10001002: Using built-in connection pool (not intended for production use)
2024-05-14 11:32:29,598 INFO o.h.o.c.pooling [main] HHH10001005: Loaded JDBC driver class: com.mysql.cj.jdbc.Driver
2024-05-14 11:32:29,598 INFO o.h.o.c.pooling [main] HHH10001012: Connecting with JDBC URL [jdbc:mysql://localhost:3306/DB]
2024-05-14 11:32:29,598 INFO o.h.o.c.pooling [main] HHH10001001: Connection properties: {password=****, user=root}
2024-05-14 11:32:29,598 INFO o.h.o.c.pooling [main] HHH10001003: Autocommit mode: false
2024-05-14 11:32:29,599 INFO o.h.o.c.pooling [main] HHH10001115: Connection pool size: 20 (min=1)
2024-05-14 11:32:29,926 WARN o.h.m.RootClass [main] HHH000038: Composite-id class does not override equals(): nl.YEA.model.AntwoordPK
2024-05-14 11:32:29,926 WARN o.h.m.RootClass [main] HHH000039: Composite-id class does not override hashCode(): nl.YEA.model.AntwoordPK
2024-05-14 11:32:30,177 INFO o.h.e.t.j.p.i.JtaPlatformInitiator [main] HHH000489: No JTA platform available (set 'hibernate.transaction.jta.platform' to enable JTA platform integration)
2024-05-14 11:32:30,186 INFO o.h.o.c.access [main] HHH10001501: Connection obtained from JdbcConnectionAccess [org.hibernate.engine.jdbc.env.internal.JdbcEnvironmentInitiator$ConnectionProviderJdbcConnectionAccess@51f01535] for (non-JTA) DDL execution was not in auto-commit mode; the Connection 'local transaction' will be committed and the Connection will be set into auto-commit mode.
2024-05-14 11:44:26,462 INFO o.h.j.i.u.LogHelper [main] HHH000204: Processing PersistenceUnitInfo [name: MySQL]
2024-05-14 11:44:26,488 INFO o.h.Version [main] HHH000412: Hibernate ORM core version 6.4.4.Final
2024-05-14 11:44:26,505 INFO o.h.c.i.RegionFactoryInitiator [main] HHH000026: Second-level cache disabled
2024-05-14 11:44:26,592 WARN o.h.o.c.pooling [main] HHH10001002: Using built-in connection pool (not intended for production use)
2024-05-14 11:44:26,595 INFO o.h.o.c.pooling [main] HHH10001005: Loaded JDBC driver class: com.mysql.cj.jdbc.Driver
2024-05-14 11:44:26,595 INFO o.h.o.c.pooling [main] HHH10001012: Connecting with JDBC URL [jdbc:mysql://localhost:3306/DB]
2024-05-14 11:44:26,595 INFO o.h.o.c.pooling [main] HHH10001001: Connection properties: {password=****, user=root}
2024-05-14 11:44:26,595 INFO o.h.o.c.pooling [main] HHH10001003: Autocommit mode: false
2024-05-14 11:44:26,596 INFO o.h.o.c.pooling [main] HHH10001115: Connection pool size: 20 (min=1)
2024-05-14 11:44:26,962 WARN o.h.m.RootClass [main] HHH000038: Composite-id class does not override equals(): nl.YEA.model.AntwoordPK
2024-05-14 11:44:26,962 WARN o.h.m.RootClass [main] HHH000039: Composite-id class does not override hashCode(): nl.YEA.model.AntwoordPK
2024-05-14 11:44:27,244 INFO o.h.e.t.j.p.i.JtaPlatformInitiator [main] HHH000489: No JTA platform available (set 'hibernate.transaction.jta.platform' to enable JTA platform integration)
2024-05-14 11:44:27,253 INFO o.h.o.c.access [main] HHH10001501: Connection obtained from JdbcConnectionAccess [org.hibernate.engine.jdbc.env.internal.JdbcEnvironmentInitiator$ConnectionProviderJdbcConnectionAccess@51f01535] for (non-JTA) DDL execution was not in auto-commit mode; the Connection 'local transaction' will be committed and the Connection will be set into auto-commit mode.
2024-05-14 11:44:36,351 INFO o.h.j.i.u.LogHelper [main] HHH000204: Processing PersistenceUnitInfo [name: MySQL]
2024-05-14 11:44:36,365 INFO o.h.Version [main] HHH000412: Hibernate ORM core version 6.4.4.Final
2024-05-14 11:44:36,377 INFO o.h.c.i.RegionFactoryInitiator [main] HHH000026: Second-level cache disabled
2024-05-14 11:44:36,447 WARN o.h.o.c.pooling [main] HHH10001002: Using built-in connection pool (not intended for production use)
2024-05-14 11:44:36,448 INFO o.h.o.c.pooling [main] HHH10001005: Loaded JDBC driver class: com.mysql.cj.jdbc.Driver
2024-05-14 11:44:36,448 INFO o.h.o.c.pooling [main] HHH10001012: Connecting with JDBC URL [jdbc:mysql://localhost:3306/DB]
2024-05-14 11:44:36,448 INFO o.h.o.c.pooling [main] HHH10001001: Connection properties: {password=****, user=root}
2024-05-14 11:44:36,448 INFO o.h.o.c.pooling [main] HHH10001003: Autocommit mode: false
2024-05-14 11:44:36,449 INFO o.h.o.c.pooling [main] HHH10001115: Connection pool size: 20 (min=1)
2024-05-14 11:44:36,780 WARN o.h.m.RootClass [main] HHH000038: Composite-id class does not override equals(): nl.YEA.model.AntwoordPK
2024-05-14 11:44:36,780 WARN o.h.m.RootClass [main] HHH000039: Composite-id class does not override hashCode(): nl.YEA.model.AntwoordPK
2024-05-14 11:44:37,029 INFO o.h.e.t.j.p.i.JtaPlatformInitiator [main] HHH000489: No JTA platform available (set 'hibernate.transaction.jta.platform' to enable JTA platform integration)
2024-05-14 11:44:37,037 INFO o.h.o.c.access [main] HHH10001501: Connection obtained from JdbcConnectionAccess [org.hibernate.engine.jdbc.env.internal.JdbcEnvironmentInitiator$ConnectionProviderJdbcConnectionAccess@51f01535] for (non-JTA) DDL execution was not in auto-commit mode; the Connection 'local transaction' will be committed and the Connection will be set into auto-commit mode.
2024-05-14 11:55:04,509 INFO o.h.j.i.u.LogHelper [main] HHH000204: Processing PersistenceUnitInfo [name: MySQL]
2024-05-14 11:55:04,534 INFO o.h.Version [main] HHH000412: Hibernate ORM core version 6.4.4.Final
2024-05-14 11:55:04,548 INFO o.h.c.i.RegionFactoryInitiator [main] HHH000026: Second-level cache disabled
2024-05-14 11:55:04,631 WARN o.h.o.c.pooling [main] HHH10001002: Using built-in connection pool (not intended for production use)
2024-05-14 11:55:04,633 INFO o.h.o.c.pooling [main] HHH10001005: Loaded JDBC driver class: com.mysql.cj.jdbc.Driver
2024-05-14 11:55:04,633 INFO o.h.o.c.pooling [main] HHH10001012: Connecting with JDBC URL [jdbc:mysql://localhost:3306/DB]
2024-05-14 11:55:04,634 INFO o.h.o.c.pooling [main] HHH10001001: Connection properties: {password=****, user=root}
2024-05-14 11:55:04,634 INFO o.h.o.c.pooling [main] HHH10001003: Autocommit mode: false
2024-05-14 11:55:04,634 INFO o.h.o.c.pooling [main] HHH10001115: Connection pool size: 20 (min=1)
2024-05-14 11:55:04,993 WARN o.h.m.RootClass [main] HHH000038: Composite-id class does not override equals(): nl.YEA.model.AntwoordPK
2024-05-14 11:55:04,993 WARN o.h.m.RootClass [main] HHH000039: Composite-id class does not override hashCode(): nl.YEA.model.AntwoordPK
2024-05-14 11:55:05,264 INFO o.h.e.t.j.p.i.JtaPlatformInitiator [main] HHH000489: No JTA platform available (set 'hibernate.transaction.jta.platform' to enable JTA platform integration)
2024-05-14 11:55:05,274 INFO o.h.o.c.access [main] HHH10001501: Connection obtained from JdbcConnectionAccess [org.hibernate.engine.jdbc.env.internal.JdbcEnvironmentInitiator$ConnectionProviderJdbcConnectionAccess@51f01535] for (non-JTA) DDL execution was not in auto-commit mode; the Connection 'local transaction' will be committed and the Connection will be set into auto-commit mode.
2024-05-14 12:07:38,966 INFO o.h.j.i.u.LogHelper [main] HHH000204: Processing PersistenceUnitInfo [name: MySQL]
2024-05-14 12:07:38,990 INFO o.h.Version [main] HHH000412: Hibernate ORM core version 6.4.4.Final
2024-05-14 12:07:39,003 INFO o.h.c.i.RegionFactoryInitiator [main] HHH000026: Second-level cache disabled
2024-05-14 12:07:39,084 WARN o.h.o.c.pooling [main] HHH10001002: Using built-in connection pool (not intended for production use)
2024-05-14 12:07:39,086 INFO o.h.o.c.pooling [main] HHH10001005: Loaded JDBC driver class: com.mysql.cj.jdbc.Driver
2024-05-14 12:07:39,087 INFO o.h.o.c.pooling [main] HHH10001012: Connecting with JDBC URL [jdbc:mysql://localhost:3306/DB]
2024-05-14 12:07:39,087 INFO o.h.o.c.pooling [main] HHH10001001: Connection properties: {password=****, user=root}
2024-05-14 12:07:39,087 INFO o.h.o.c.pooling [main] HHH10001003: Autocommit mode: false
2024-05-14 12:07:39,087 INFO o.h.o.c.pooling [main] HHH10001115: Connection pool size: 20 (min=1)
2024-05-14 12:07:39,446 WARN o.h.m.RootClass [main] HHH000038: Composite-id class does not override equals(): nl.YEA.model.AntwoordPK
2024-05-14 12:07:39,446 WARN o.h.m.RootClass [main] HHH000039: Composite-id class does not override hashCode(): nl.YEA.model.AntwoordPK
2024-05-14 12:07:39,724 INFO o.h.e.t.j.p.i.JtaPlatformInitiator [main] HHH000489: No JTA platform available (set 'hibernate.transaction.jta.platform' to enable JTA platform integration)
2024-05-14 12:07:39,733 INFO o.h.o.c.access [main] HHH10001501: Connection obtained from JdbcConnectionAccess [org.hibernate.engine.jdbc.env.internal.JdbcEnvironmentInitiator$ConnectionProviderJdbcConnectionAccess@51f01535] for (non-JTA) DDL execution was not in auto-commit mode; the Connection 'local transaction' will be committed and the Connection will be set into auto-commit mode.
2024-05-14 12:12:27,316 INFO o.h.j.i.u.LogHelper [main] HHH000204: Processing PersistenceUnitInfo [name: MySQL]
2024-05-14 12:12:27,335 INFO o.h.Version [main] HHH000412: Hibernate ORM core version 6.4.4.Final
2024-05-14 12:12:27,348 INFO o.h.c.i.RegionFactoryInitiator [main] HHH000026: Second-level cache disabled
2024-05-14 12:12:27,426 WARN o.h.o.c.pooling [main] HHH10001002: Using built-in connection pool (not intended for production use)
2024-05-14 12:12:27,427 INFO o.h.o.c.pooling [main] HHH10001005: Loaded JDBC driver class: com.mysql.cj.jdbc.Driver
2024-05-14 12:12:27,427 INFO o.h.o.c.pooling [main] HHH10001012: Connecting with JDBC URL [jdbc:mysql://localhost:3306/DB]
2024-05-14 12:12:27,428 INFO o.h.o.c.pooling [main] HHH10001001: Connection properties: {password=****, user=root}
2024-05-14 12:12:27,428 INFO o.h.o.c.pooling [main] HHH10001003: Autocommit mode: false
2024-05-14 12:12:27,428 INFO o.h.o.c.pooling [main] HHH10001115: Connection pool size: 20 (min=1)
2024-05-14 12:12:27,770 WARN o.h.m.RootClass [main] HHH000038: Composite-id class does not override equals(): nl.YEA.model.AntwoordPK
2024-05-14 12:12:27,770 WARN o.h.m.RootClass [main] HHH000039: Composite-id class does not override hashCode(): nl.YEA.model.AntwoordPK
2024-05-14 12:12:28,036 INFO o.h.e.t.j.p.i.JtaPlatformInitiator [main] HHH000489: No JTA platform available (set 'hibernate.transaction.jta.platform' to enable JTA platform integration)
2024-05-14 12:12:28,047 INFO o.h.o.c.access [main] HHH10001501: Connection obtained from JdbcConnectionAccess [org.hibernate.engine.jdbc.env.internal.JdbcEnvironmentInitiator$ConnectionProviderJdbcConnectionAccess@51f01535] for (non-JTA) DDL execution was not in auto-commit mode; the Connection 'local transaction' will be committed and the Connection will be set into auto-commit mode.
2024-05-14 12:24:51,956 INFO o.h.j.i.u.LogHelper [main] HHH000204: Processing PersistenceUnitInfo [name: MySQL]
2024-05-14 12:24:51,981 INFO o.h.Version [main] HHH000412: Hibernate ORM core version 6.4.4.Final
2024-05-14 12:24:51,995 INFO o.h.c.i.RegionFactoryInitiator [main] HHH000026: Second-level cache disabled
2024-05-14 12:24:52,078 WARN o.h.o.c.pooling [main] HHH10001002: Using built-in connection pool (not intended for production use)
2024-05-14 12:24:52,080 INFO o.h.o.c.pooling [main] HHH10001005: Loaded JDBC driver class: com.mysql.cj.jdbc.Driver
2024-05-14 12:24:52,081 INFO o.h.o.c.pooling [main] HHH10001012: Connecting with JDBC URL [jdbc:mysql://localhost:3306/DB]
2024-05-14 12:24:52,081 INFO o.h.o.c.pooling [main] HHH10001001: Connection properties: {password=****, user=root}
2024-05-14 12:24:52,081 INFO o.h.o.c.pooling [main] HHH10001003: Autocommit mode: false
2024-05-14 12:24:52,081 INFO o.h.o.c.pooling [main] HHH10001115: Connection pool size: 20 (min=1)
2024-05-14 12:24:52,439 WARN o.h.m.RootClass [main] HHH000038: Composite-id class does not override equals(): nl.YEA.model.AntwoordPK
2024-05-14 12:24:52,439 WARN o.h.m.RootClass [main] HHH000039: Composite-id class does not override hashCode(): nl.YEA.model.AntwoordPK
2024-05-14 12:24:52,710 INFO o.h.e.t.j.p.i.JtaPlatformInitiator [main] HHH000489: No JTA platform available (set 'hibernate.transaction.jta.platform' to enable JTA platform integration)
2024-05-14 12:24:52,718 INFO o.h.o.c.access [main] HHH10001501: Connection obtained from JdbcConnectionAccess [org.hibernate.engine.jdbc.env.internal.JdbcEnvironmentInitiator$ConnectionProviderJdbcConnectionAccess@51f01535] for (non-JTA) DDL execution was not in auto-commit mode; the Connection 'local transaction' will be committed and the Connection will be set into auto-commit mode.
2024-05-14 12:25:41,036 INFO o.h.j.i.u.LogHelper [main] HHH000204: Processing PersistenceUnitInfo [name: MySQL]
2024-05-14 12:25:41,051 INFO o.h.Version [main] HHH000412: Hibernate ORM core version 6.4.4.Final
2024-05-14 12:25:41,063 INFO o.h.c.i.RegionFactoryInitiator [main] HHH000026: Second-level cache disabled
2024-05-14 12:25:41,135 WARN o.h.o.c.pooling [main] HHH10001002: Using built-in connection pool (not intended for production use)
2024-05-14 12:25:41,136 INFO o.h.o.c.pooling [main] HHH10001005: Loaded JDBC driver class: com.mysql.cj.jdbc.Driver
2024-05-14 12:25:41,136 INFO o.h.o.c.pooling [main] HHH10001012: Connecting with JDBC URL [jdbc:mysql://localhost:3306/DB]
2024-05-14 12:25:41,137 INFO o.h.o.c.pooling [main] HHH10001001: Connection properties: {password=****, user=root}
2024-05-14 12:25:41,137 INFO o.h.o.c.pooling [main] HHH10001003: Autocommit mode: false
2024-05-14 12:25:41,137 INFO o.h.o.c.pooling [main] HHH10001115: Connection pool size: 20 (min=1)
2024-05-14 12:25:41,468 WARN o.h.m.RootClass [main] HHH000038: Composite-id class does not override equals(): nl.YEA.model.AntwoordPK
2024-05-14 12:25:41,469 WARN o.h.m.RootClass [main] HHH000039: Composite-id class does not override hashCode(): nl.YEA.model.AntwoordPK
2024-05-14 12:25:41,730 INFO o.h.e.t.j.p.i.JtaPlatformInitiator [main] HHH000489: No JTA platform available (set 'hibernate.transaction.jta.platform' to enable JTA platform integration)
2024-05-14 12:25:41,739 INFO o.h.o.c.access [main] HHH10001501: Connection obtained from JdbcConnectionAccess [org.hibernate.engine.jdbc.env.internal.JdbcEnvironmentInitiator$ConnectionProviderJdbcConnectionAccess@51f01535] for (non-JTA) DDL execution was not in auto-commit mode; the Connection 'local transaction' will be committed and the Connection will be set into auto-commit mode.
2024-05-14 12:29:07,972 INFO o.h.j.i.u.LogHelper [main] HHH000204: Processing PersistenceUnitInfo [name: MySQL]
2024-05-14 12:29:07,989 INFO o.h.Version [main] HHH000412: Hibernate ORM core version 6.4.4.Final
2024-05-14 12:29:08,000 INFO o.h.c.i.RegionFactoryInitiator [main] HHH000026: Second-level cache disabled
2024-05-14 12:29:08,075 WARN o.h.o.c.pooling [main] HHH10001002: Using built-in connection pool (not intended for production use)
2024-05-14 12:29:08,076 INFO o.h.o.c.pooling [main] HHH10001005: Loaded JDBC driver class: com.mysql.cj.jdbc.Driver
2024-05-14 12:29:08,076 INFO o.h.o.c.pooling [main] HHH10001012: Connecting with JDBC URL [jdbc:mysql://localhost:3306/DB]
2024-05-14 12:29:08,076 INFO o.h.o.c.pooling [main] HHH10001001: Connection properties: {password=****, user=root}
2024-05-14 12:29:08,076 INFO o.h.o.c.pooling [main] HHH10001003: Autocommit mode: false
2024-05-14 12:29:08,077 INFO o.h.o.c.pooling [main] HHH10001115: Connection pool size: 20 (min=1)
2024-05-14 12:29:08,407 WARN o.h.m.RootClass [main] HHH000038: Composite-id class does not override equals(): nl.YEA.model.AntwoordPK
2024-05-14 12:29:08,407 WARN o.h.m.RootClass [main] HHH000039: Composite-id class does not override hashCode(): nl.YEA.model.AntwoordPK
2024-05-14 12:29:08,660 INFO o.h.e.t.j.p.i.JtaPlatformInitiator [main] HHH000489: No JTA platform available (set 'hibernate.transaction.jta.platform' to enable JTA platform integration)
2024-05-14 12:29:08,669 INFO o.h.o.c.access [main] HHH10001501: Connection obtained from JdbcConnectionAccess [org.hibernate.engine.jdbc.env.internal.JdbcEnvironmentInitiator$ConnectionProviderJdbcConnectionAccess@51f01535] for (non-JTA) DDL execution was not in auto-commit mode; the Connection 'local transaction' will be committed and the Connection will be set into auto-commit mode.
2024-05-14 12:31:55,134 INFO o.h.j.i.u.LogHelper [main] HHH000204: Processing PersistenceUnitInfo [name: MySQL]
2024-05-14 12:31:55,149 INFO o.h.Version [main] HHH000412: Hibernate ORM core version 6.4.4.Final
2024-05-14 12:31:55,160 INFO o.h.c.i.RegionFactoryInitiator [main] HHH000026: Second-level cache disabled
2024-05-14 12:31:55,231 WARN o.h.o.c.pooling [main] HHH10001002: Using built-in connection pool (not intended for production use)
2024-05-14 12:31:55,233 INFO o.h.o.c.pooling [main] HHH10001005: Loaded JDBC driver class: com.mysql.cj.jdbc.Driver
2024-05-14 12:31:55,233 INFO o.h.o.c.pooling [main] HHH10001012: Connecting with JDBC URL [jdbc:mysql://localhost:3306/DB]
2024-05-14 12:31:55,233 INFO o.h.o.c.pooling [main] HHH10001001: Connection properties: {password=****, user=root}
2024-05-14 12:31:55,233 INFO o.h.o.c.pooling [main] HHH10001003: Autocommit mode: false
2024-05-14 12:31:55,234 INFO o.h.o.c.pooling [main] HHH10001115: Connection pool size: 20 (min=1)
2024-05-14 12:31:55,561 WARN o.h.m.RootClass [main] HHH000038: Composite-id class does not override equals(): nl.YEA.model.AntwoordPK
2024-05-14 12:31:55,561 WARN o.h.m.RootClass [main] HHH000039: Composite-id class does not override hashCode(): nl.YEA.model.AntwoordPK
2024-05-14 12:31:55,815 INFO o.h.e.t.j.p.i.JtaPlatformInitiator [main] HHH000489: No JTA platform available (set 'hibernate.transaction.jta.platform' to enable JTA platform integration)
2024-05-14 12:31:55,824 INFO o.h.o.c.access [main] HHH10001501: Connection obtained from JdbcConnectionAccess [org.hibernate.engine.jdbc.env.internal.JdbcEnvironmentInitiator$ConnectionProviderJdbcConnectionAccess@51f01535] for (non-JTA) DDL execution was not in auto-commit mode; the Connection 'local transaction' will be committed and the Connection will be set into auto-commit mode.
2024-05-14 12:32:07,923 DEBUG o.h.SQL [main] insert into IngevuldeVragenlijst values ( )
2024-05-14 12:32:07,936 DEBUG o.h.SQL [main] insert into NumeriekAntwoord (antwoord,lijst_id,vraagID) values (?,?,?)
2024-05-14 12:32:07,937 TRACE o.h.o.j.bind [main] binding parameter (1:INTEGER) <- [34]
2024-05-14 12:32:07,937 TRACE o.h.o.j.bind [main] binding parameter (2:INTEGER) <- [4]
2024-05-14 12:32:07,937 TRACE o.h.o.j.bind [main] binding parameter (3:INTEGER) <- [13]
2024-05-14 12:32:07,939 DEBUG o.h.SQL [main] insert into NumeriekAntwoord (antwoord,lijst_id,vraagID) values (?,?,?)
2024-05-14 12:32:07,939 TRACE o.h.o.j.bind [main] binding parameter (1:INTEGER) <- [3]
2024-05-14 12:32:07,939 TRACE o.h.o.j.bind [main] binding parameter (2:INTEGER) <- [4]
2024-05-14 12:32:07,939 TRACE o.h.o.j.bind [main] binding parameter (3:INTEGER) <- [14]
2024-05-14 12:32:07,940 DEBUG o.h.SQL [main] insert into NumeriekAntwoord (antwoord,lijst_id,vraagID) values (?,?,?)
2024-05-14 12:32:07,940 TRACE o.h.o.j.bind [main] binding parameter (1:INTEGER) <- [0]
2024-05-14 12:32:07,941 TRACE o.h.o.j.bind [main] binding parameter (2:INTEGER) <- [4]
2024-05-14 12:32:07,941 TRACE o.h.o.j.bind [main] binding parameter (3:INTEGER) <- [16]
2024-05-14 12:33:20,804 INFO o.h.j.i.u.LogHelper [main] HHH000204: Processing PersistenceUnitInfo [name: MySQL]
2024-05-14 12:33:20,819 INFO o.h.Version [main] HHH000412: Hibernate ORM core version 6.4.4.Final
2024-05-14 12:33:20,830 INFO o.h.c.i.RegionFactoryInitiator [main] HHH000026: Second-level cache disabled
2024-05-14 12:33:20,902 WARN o.h.o.c.pooling [main] HHH10001002: Using built-in connection pool (not intended for production use)
2024-05-14 12:33:20,904 INFO o.h.o.c.pooling [main] HHH10001005: Loaded JDBC driver class: com.mysql.cj.jdbc.Driver
2024-05-14 12:33:20,904 INFO o.h.o.c.pooling [main] HHH10001012: Connecting with JDBC URL [jdbc:mysql://localhost:3306/DB]
2024-05-14 12:33:20,904 INFO o.h.o.c.pooling [main] HHH10001001: Connection properties: {password=****, user=root}
2024-05-14 12:33:20,904 INFO o.h.o.c.pooling [main] HHH10001003: Autocommit mode: false
2024-05-14 12:33:20,905 INFO o.h.o.c.pooling [main] HHH10001115: Connection pool size: 20 (min=1)
2024-05-14 12:33:21,232 WARN o.h.m.RootClass [main] HHH000038: Composite-id class does not override equals(): nl.YEA.model.AntwoordPK
2024-05-14 12:33:21,232 WARN o.h.m.RootClass [main] HHH000039: Composite-id class does not override hashCode(): nl.YEA.model.AntwoordPK
2024-05-14 12:33:21,480 INFO o.h.e.t.j.p.i.JtaPlatformInitiator [main] HHH000489: No JTA platform available (set 'hibernate.transaction.jta.platform' to enable JTA platform integration)
2024-05-14 12:33:21,489 INFO o.h.o.c.access [main] HHH10001501: Connection obtained from JdbcConnectionAccess [org.hibernate.engine.jdbc.env.internal.JdbcEnvironmentInitiator$ConnectionProviderJdbcConnectionAccess@51f01535] for (non-JTA) DDL execution was not in auto-commit mode; the Connection 'local transaction' will be committed and the Connection will be set into auto-commit mode.
2024-05-14 12:33:32,132 DEBUG o.h.SQL [main] insert into IngevuldeVragenlijst values ( )
2024-05-14 12:33:32,146 DEBUG o.h.SQL [main] insert into NumeriekAntwoord (antwoord,lijst_id,vraagID) values (?,?,?)
2024-05-14 12:33:32,147 TRACE o.h.o.j.bind [main] binding parameter (1:INTEGER) <- [23]
2024-05-14 12:33:32,147 TRACE o.h.o.j.bind [main] binding parameter (2:INTEGER) <- [5]
2024-05-14 12:33:32,147 TRACE o.h.o.j.bind [main] binding parameter (3:INTEGER) <- [13]
2024-05-14 12:33:32,149 DEBUG o.h.SQL [main] insert into NumeriekAntwoord (antwoord,lijst_id,vraagID) values (?,?,?)
2024-05-14 12:33:32,150 TRACE o.h.o.j.bind [main] binding parameter (1:INTEGER) <- [4]
2024-05-14 12:33:32,150 TRACE o.h.o.j.bind [main] binding parameter (2:INTEGER) <- [5]
2024-05-14 12:33:32,150 TRACE o.h.o.j.bind [main] binding parameter (3:INTEGER) <- [14]
2024-05-14 12:33:32,151 DEBUG o.h.SQL [main] insert into NumeriekAntwoord (antwoord,lijst_id,vraagID) values (?,?,?)
2024-05-14 12:33:32,151 TRACE o.h.o.j.bind [main] binding parameter (1:INTEGER) <- [3]
2024-05-14 12:33:32,151 TRACE o.h.o.j.bind [main] binding parameter (2:INTEGER) <- [5]
2024-05-14 12:33:32,152 TRACE o.h.o.j.bind [main] binding parameter (3:INTEGER) <- [16]
2024-05-14 13:03:47,630 INFO o.h.j.i.u.LogHelper [main] HHH000204: Processing PersistenceUnitInfo [name: MySQL]
2024-05-14 13:03:47,650 INFO o.h.Version [main] HHH000412: Hibernate ORM core version 6.4.4.Final
2024-05-14 13:03:47,663 INFO o.h.c.i.RegionFactoryInitiator [main] HHH000026: Second-level cache disabled
2024-05-14 13:03:47,742 WARN o.h.o.c.pooling [main] HHH10001002: Using built-in connection pool (not intended for production use)
2024-05-14 13:03:47,744 INFO o.h.o.c.pooling [main] HHH10001005: Loaded JDBC driver class: com.mysql.cj.jdbc.Driver
2024-05-14 13:03:47,744 INFO o.h.o.c.pooling [main] HHH10001012: Connecting with JDBC URL [jdbc:mysql://localhost:3306/DB]
2024-05-14 13:03:47,744 INFO o.h.o.c.pooling [main] HHH10001001: Connection properties: {password=****, user=root}
2024-05-14 13:03:47,744 INFO o.h.o.c.pooling [main] HHH10001003: Autocommit mode: false
2024-05-14 13:03:47,745 INFO o.h.o.c.pooling [main] HHH10001115: Connection pool size: 20 (min=1)
2024-05-14 13:03:48,100 WARN o.h.m.RootClass [main] HHH000038: Composite-id class does not override equals(): nl.YEA.model.AntwoordPK
2024-05-14 13:03:48,101 WARN o.h.m.RootClass [main] HHH000039: Composite-id class does not override hashCode(): nl.YEA.model.AntwoordPK
2024-05-14 13:03:48,378 INFO o.h.e.t.j.p.i.JtaPlatformInitiator [main] HHH000489: No JTA platform available (set 'hibernate.transaction.jta.platform' to enable JTA platform integration)
2024-05-14 13:03:48,387 INFO o.h.o.c.access [main] HHH10001501: Connection obtained from JdbcConnectionAccess [org.hibernate.engine.jdbc.env.internal.JdbcEnvironmentInitiator$ConnectionProviderJdbcConnectionAccess@51f01535] for (non-JTA) DDL execution was not in auto-commit mode; the Connection 'local transaction' will be committed and the Connection will be set into auto-commit mode.
2024-05-14 13:04:44,898 INFO o.h.j.i.u.LogHelper [main] HHH000204: Processing PersistenceUnitInfo [name: MySQL]
2024-05-14 13:04:44,916 INFO o.h.Version [main] HHH000412: Hibernate ORM core version 6.4.4.Final
2024-05-14 13:04:44,930 INFO o.h.c.i.RegionFactoryInitiator [main] HHH000026: Second-level cache disabled
2024-05-14 13:04:45,007 WARN o.h.o.c.pooling [main] HHH10001002: Using built-in connection pool (not intended for production use)
2024-05-14 13:04:45,009 INFO o.h.o.c.pooling [main] HHH10001005: Loaded JDBC driver class: com.mysql.cj.jdbc.Driver
2024-05-14 13:04:45,009 INFO o.h.o.c.pooling [main] HHH10001012: Connecting with JDBC URL [jdbc:mysql://localhost:3306/DB]
2024-05-14 13:04:45,009 INFO o.h.o.c.pooling [main] HHH10001001: Connection properties: {password=****, user=root}
2024-05-14 13:04:45,010 INFO o.h.o.c.pooling [main] HHH10001003: Autocommit mode: false
2024-05-14 13:04:45,010 INFO o.h.o.c.pooling [main] HHH10001115: Connection pool size: 20 (min=1)
2024-05-14 13:04:45,344 WARN o.h.m.RootClass [main] HHH000038: Composite-id class does not override equals(): nl.YEA.model.AntwoordPK
2024-05-14 13:04:45,344 WARN o.h.m.RootClass [main] HHH000039: Composite-id class does not override hashCode(): nl.YEA.model.AntwoordPK
2024-05-14 13:04:45,606 INFO o.h.e.t.j.p.i.JtaPlatformInitiator [main] HHH000489: No JTA platform available (set 'hibernate.transaction.jta.platform' to enable JTA platform integration)
2024-05-14 13:04:45,614 INFO o.h.o.c.access [main] HHH10001501: Connection obtained from JdbcConnectionAccess [org.hibernate.engine.jdbc.env.internal.JdbcEnvironmentInitiator$ConnectionProviderJdbcConnectionAccess@51f01535] for (non-JTA) DDL execution was not in auto-commit mode; the Connection 'local transaction' will be committed and the Connection will be set into auto-commit mode.
2024-05-14 13:05:17,791 INFO o.h.j.i.u.LogHelper [main] HHH000204: Processing PersistenceUnitInfo [name: MySQL]
2024-05-14 13:05:17,809 INFO o.h.Version [main] HHH000412: Hibernate ORM core version 6.4.4.Final
2024-05-14 13:05:17,825 INFO o.h.c.i.RegionFactoryInitiator [main] HHH000026: Second-level cache disabled
2024-05-14 13:05:17,908 WARN o.h.o.c.pooling [main] HHH10001002: Using built-in connection pool (not intended for production use)
2024-05-14 13:05:17,910 INFO o.h.o.c.pooling [main] HHH10001005: Loaded JDBC driver class: com.mysql.cj.jdbc.Driver
2024-05-14 13:05:17,910 INFO o.h.o.c.pooling [main] HHH10001012: Connecting with JDBC URL [jdbc:mysql://localhost:3306/DB]
2024-05-14 13:05:17,911 INFO o.h.o.c.pooling [main] HHH10001001: Connection properties: {password=****, user=root}
2024-05-14 13:05:17,911 INFO o.h.o.c.pooling [main] HHH10001003: Autocommit mode: false
2024-05-14 13:05:17,912 INFO o.h.o.c.pooling [main] HHH10001115: Connection pool size: 20 (min=1)
2024-05-14 13:05:18,252 WARN o.h.m.RootClass [main] HHH000038: Composite-id class does not override equals(): nl.YEA.model.AntwoordPK
2024-05-14 13:05:18,253 WARN o.h.m.RootClass [main] HHH000039: Composite-id class does not override hashCode(): nl.YEA.model.AntwoordPK
2024-05-14 13:05:18,526 INFO o.h.e.t.j.p.i.JtaPlatformInitiator [main] HHH000489: No JTA platform available (set 'hibernate.transaction.jta.platform' to enable JTA platform integration)
2024-05-14 13:05:18,534 INFO o.h.o.c.access [main] HHH10001501: Connection obtained from JdbcConnectionAccess [org.hibernate.engine.jdbc.env.internal.JdbcEnvironmentInitiator$ConnectionProviderJdbcConnectionAccess@51f01535] for (non-JTA) DDL execution was not in auto-commit mode; the Connection 'local transaction' will be committed and the Connection will be set into auto-commit mode.
2024-05-14 13:07:35,252 INFO o.h.j.i.u.LogHelper [main] HHH000204: Processing PersistenceUnitInfo [name: MySQL]
2024-05-14 13:07:35,268 INFO o.h.Version [main] HHH000412: Hibernate ORM core version 6.4.4.Final
2024-05-14 13:07:35,280 INFO o.h.c.i.RegionFactoryInitiator [main] HHH000026: Second-level cache disabled
2024-05-14 13:07:35,356 WARN o.h.o.c.pooling [main] HHH10001002: Using built-in connection pool (not intended for production use)
2024-05-14 13:07:35,357 INFO o.h.o.c.pooling [main] HHH10001005: Loaded JDBC driver class: com.mysql.cj.jdbc.Driver
2024-05-14 13:07:35,358 INFO o.h.o.c.pooling [main] HHH10001012: Connecting with JDBC URL [jdbc:mysql://localhost:3306/DB]
2024-05-14 13:07:35,358 INFO o.h.o.c.pooling [main] HHH10001001: Connection properties: {password=****, user=root}
2024-05-14 13:07:35,358 INFO o.h.o.c.pooling [main] HHH10001003: Autocommit mode: false
2024-05-14 13:07:35,358 INFO o.h.o.c.pooling [main] HHH10001115: Connection pool size: 20 (min=1)
2024-05-14 13:07:35,695 WARN o.h.m.RootClass [main] HHH000038: Composite-id class does not override equals(): nl.YEA.model.AntwoordPK
2024-05-14 13:07:35,695 WARN o.h.m.RootClass [main] HHH000039: Composite-id class does not override hashCode(): nl.YEA.model.AntwoordPK
2024-05-14 13:07:35,954 INFO o.h.e.t.j.p.i.JtaPlatformInitiator [main] HHH000489: No JTA platform available (set 'hibernate.transaction.jta.platform' to enable JTA platform integration)
2024-05-14 13:07:35,964 INFO o.h.o.c.access [main] HHH10001501: Connection obtained from JdbcConnectionAccess [org.hibernate.engine.jdbc.env.internal.JdbcEnvironmentInitiator$ConnectionProviderJdbcConnectionAccess@51f01535] for (non-JTA) DDL execution was not in auto-commit mode; the Connection 'local transaction' will be committed and the Connection will be set into auto-commit mode.
2024-05-14 13:07:50,645 INFO o.h.j.i.u.LogHelper [main] HHH000204: Processing PersistenceUnitInfo [name: MySQL]
2024-05-14 13:07:50,661 INFO o.h.Version [main] HHH000412: Hibernate ORM core version 6.4.4.Final
2024-05-14 13:07:50,673 INFO o.h.c.i.RegionFactoryInitiator [main] HHH000026: Second-level cache disabled
2024-05-14 13:07:50,746 WARN o.h.o.c.pooling [main] HHH10001002: Using built-in connection pool (not intended for production use)
2024-05-14 13:07:50,747 INFO o.h.o.c.pooling [main] HHH10001005: Loaded JDBC driver class: com.mysql.cj.jdbc.Driver
2024-05-14 13:07:50,748 INFO o.h.o.c.pooling [main] HHH10001012: Connecting with JDBC URL [jdbc:mysql://localhost:3306/DB]
2024-05-14 13:07:50,748 INFO o.h.o.c.pooling [main] HHH10001001: Connection properties: {password=****, user=root}
2024-05-14 13:07:50,748 INFO o.h.o.c.pooling [main] HHH10001003: Autocommit mode: false
2024-05-14 13:07:50,749 INFO o.h.o.c.pooling [main] HHH10001115: Connection pool size: 20 (min=1)
2024-05-14 13:07:51,086 WARN o.h.m.RootClass [main] HHH000038: Composite-id class does not override equals(): nl.YEA.model.AntwoordPK
2024-05-14 13:07:51,087 WARN o.h.m.RootClass [main] HHH000039: Composite-id class does not override hashCode(): nl.YEA.model.AntwoordPK
2024-05-14 13:07:51,348 INFO o.h.e.t.j.p.i.JtaPlatformInitiator [main] HHH000489: No JTA platform available (set 'hibernate.transaction.jta.platform' to enable JTA platform integration)
2024-05-14 13:07:51,357 INFO o.h.o.c.access [main] HHH10001501: Connection obtained from JdbcConnectionAccess [org.hibernate.engine.jdbc.env.internal.JdbcEnvironmentInitiator$ConnectionProviderJdbcConnectionAccess@51f01535] for (non-JTA) DDL execution was not in auto-commit mode; the Connection 'local transaction' will be committed and the Connection will be set into auto-commit mode.
2024-05-14 13:10:38,844 INFO o.h.j.i.u.LogHelper [main] HHH000204: Processing PersistenceUnitInfo [name: MySQL]
2024-05-14 13:10:38,862 INFO o.h.Version [main] HHH000412: Hibernate ORM core version 6.4.4.Final
2024-05-14 13:10:38,876 INFO o.h.c.i.RegionFactoryInitiator [main] HHH000026: Second-level cache disabled
2024-05-14 13:10:38,955 WARN o.h.o.c.pooling [main] HHH10001002: Using built-in connection pool (not intended for production use)
2024-05-14 13:10:38,957 INFO o.h.o.c.pooling [main] HHH10001005: Loaded JDBC driver class: com.mysql.cj.jdbc.Driver
2024-05-14 13:10:38,957 INFO o.h.o.c.pooling [main] HHH10001012: Connecting with JDBC URL [jdbc:mysql://localhost:3306/DB]
2024-05-14 13:10:38,957 INFO o.h.o.c.pooling [main] HHH10001001: Connection properties: {password=****, user=root}
2024-05-14 13:10:38,957 INFO o.h.o.c.pooling [main] HHH10001003: Autocommit mode: false
2024-05-14 13:10:38,958 INFO o.h.o.c.pooling [main] HHH10001115: Connection pool size: 20 (min=1)
2024-05-14 13:10:39,312 WARN o.h.m.RootClass [main] HHH000038: Composite-id class does not override equals(): nl.YEA.model.AntwoordPK
2024-05-14 13:10:39,313 WARN o.h.m.RootClass [main] HHH000039: Composite-id class does not override hashCode(): nl.YEA.model.AntwoordPK
2024-05-14 13:10:39,575 INFO o.h.e.t.j.p.i.JtaPlatformInitiator [main] HHH000489: No JTA platform available (set 'hibernate.transaction.jta.platform' to enable JTA platform integration)
2024-05-14 13:10:39,586 INFO o.h.o.c.access [main] HHH10001501: Connection obtained from JdbcConnectionAccess [org.hibernate.engine.jdbc.env.internal.JdbcEnvironmentInitiator$ConnectionProviderJdbcConnectionAccess@51f01535] for (non-JTA) DDL execution was not in auto-commit mode; the Connection 'local transaction' will be committed and the Connection will be set into auto-commit mode.
2024-05-14 13:16:05,379 INFO o.h.j.i.u.LogHelper [main] HHH000204: Processing PersistenceUnitInfo [name: MySQL]
2024-05-14 13:16:05,396 INFO o.h.Version [main] HHH000412: Hibernate ORM core version 6.4.4.Final
2024-05-14 13:16:05,409 INFO o.h.c.i.RegionFactoryInitiator [main] HHH000026: Second-level cache disabled
2024-05-14 13:16:05,485 WARN o.h.o.c.pooling [main] HHH10001002: Using built-in connection pool (not intended for production use)
2024-05-14 13:16:05,486 INFO o.h.o.c.pooling [main] HHH10001005: Loaded JDBC driver class: com.mysql.cj.jdbc.Driver
2024-05-14 13:16:05,486 INFO o.h.o.c.pooling [main] HHH10001012: Connecting with JDBC URL [jdbc:mysql://localhost:3306/DB]
2024-05-14 13:16:05,487 INFO o.h.o.c.pooling [main] HHH10001001: Connection properties: {password=****, user=root}
2024-05-14 13:16:05,487 INFO o.h.o.c.pooling [main] HHH10001003: Autocommit mode: false
2024-05-14 13:16:05,487 INFO o.h.o.c.pooling [main] HHH10001115: Connection pool size: 20 (min=1)
2024-05-14 13:16:05,825 WARN o.h.m.RootClass [main] HHH000038: Composite-id class does not override equals(): nl.YEA.model.AntwoordPK
2024-05-14 13:16:05,825 WARN o.h.m.RootClass [main] HHH000039: Composite-id class does not override hashCode(): nl.YEA.model.AntwoordPK
2024-05-14 13:16:06,107 INFO o.h.e.t.j.p.i.JtaPlatformInitiator [main] HHH000489: No JTA platform available (set 'hibernate.transaction.jta.platform' to enable JTA platform integration)
2024-05-14 13:16:06,116 INFO o.h.o.c.access [main] HHH10001501: Connection obtained from JdbcConnectionAccess [org.hibernate.engine.jdbc.env.internal.JdbcEnvironmentInitiator$ConnectionProviderJdbcConnectionAccess@467ef400] for (non-JTA) DDL execution was not in auto-commit mode; the Connection 'local transaction' will be committed and the Connection will be set into auto-commit mode.
2024-05-14 13:21:40,062 INFO o.h.j.i.u.LogHelper [main] HHH000204: Processing PersistenceUnitInfo [name: MySQL]
2024-05-14 13:21:40,089 INFO o.h.Version [main] HHH000412: Hibernate ORM core version 6.4.4.Final
2024-05-14 13:21:40,104 INFO o.h.c.i.RegionFactoryInitiator [main] HHH000026: Second-level cache disabled
2024-05-14 13:21:40,192 WARN o.h.o.c.pooling [main] HHH10001002: Using built-in connection pool (not intended for production use)
2024-05-14 13:21:40,194 INFO o.h.o.c.pooling [main] HHH10001005: Loaded JDBC driver class: com.mysql.cj.jdbc.Driver
2024-05-14 13:21:40,194 INFO o.h.o.c.pooling [main] HHH10001012: Connecting with JDBC URL [jdbc:mysql://localhost:3306/DB]
2024-05-14 13:21:40,195 INFO o.h.o.c.pooling [main] HHH10001001: Connection properties: {password=****, user=root}
2024-05-14 13:21:40,195 INFO o.h.o.c.pooling [main] HHH10001003: Autocommit mode: false
2024-05-14 13:21:40,196 INFO o.h.o.c.pooling [main] HHH10001115: Connection pool size: 20 (min=1)
2024-05-14 13:21:40,564 WARN o.h.m.RootClass [main] HHH000038: Composite-id class does not override equals(): nl.YEA.model.AntwoordPK
2024-05-14 13:21:40,564 WARN o.h.m.RootClass [main] HHH000039: Composite-id class does not override hashCode(): nl.YEA.model.AntwoordPK
2024-05-14 13:21:40,844 INFO o.h.e.t.j.p.i.JtaPlatformInitiator [main] HHH000489: No JTA platform available (set 'hibernate.transaction.jta.platform' to enable JTA platform integration)
2024-05-14 13:21:40,852 INFO o.h.o.c.access [main] HHH10001501: Connection obtained from JdbcConnectionAccess [org.hibernate.engine.jdbc.env.internal.JdbcEnvironmentInitiator$ConnectionProviderJdbcConnectionAccess@467ef400] for (non-JTA) DDL execution was not in auto-commit mode; the Connection 'local transaction' will be committed and the Connection will be set into auto-commit mode.
2024-05-14 13:33:02,497 INFO o.h.j.i.u.LogHelper [main] HHH000204: Processing PersistenceUnitInfo [name: MySQL]
2024-05-14 13:33:02,516 INFO o.h.Version [main] HHH000412: Hibernate ORM core version 6.4.4.Final
2024-05-14 13:33:02,528 INFO o.h.c.i.RegionFactoryInitiator [main] HHH000026: Second-level cache disabled
2024-05-14 13:33:02,602 WARN o.h.o.c.pooling [main] HHH10001002: Using built-in connection pool (not intended for production use)
2024-05-14 13:33:02,604 INFO o.h.o.c.pooling [main] HHH10001005: Loaded JDBC driver class: com.mysql.cj.jdbc.Driver
2024-05-14 13:33:02,604 INFO o.h.o.c.pooling [main] HHH10001012: Connecting with JDBC URL [jdbc:mysql://localhost:3306/DB]
2024-05-14 13:33:02,604 INFO o.h.o.c.pooling [main] HHH10001001: Connection properties: {password=****, user=root}
2024-05-14 13:33:02,604 INFO o.h.o.c.pooling [main] HHH10001003: Autocommit mode: false
2024-05-14 13:33:02,605 INFO o.h.o.c.pooling [main] HHH10001115: Connection pool size: 20 (min=1)
2024-05-14 13:33:02,959 WARN o.h.m.RootClass [main] HHH000038: Composite-id class does not override equals(): nl.YEA.model.AntwoordPK
2024-05-14 13:33:02,960 WARN o.h.m.RootClass [main] HHH000039: Composite-id class does not override hashCode(): nl.YEA.model.AntwoordPK
2024-05-14 13:33:03,235 INFO o.h.e.t.j.p.i.JtaPlatformInitiator [main] HHH000489: No JTA platform available (set 'hibernate.transaction.jta.platform' to enable JTA platform integration)
2024-05-14 13:33:03,244 INFO o.h.o.c.access [main] HHH10001501: Connection obtained from JdbcConnectionAccess [org.hibernate.engine.jdbc.env.internal.JdbcEnvironmentInitiator$ConnectionProviderJdbcConnectionAccess@13fe5bb7] for (non-JTA) DDL execution was not in auto-commit mode; the Connection 'local transaction' will be committed and the Connection will be set into auto-commit mode.
